<frozen site>:107: RuntimeWarning: Unexpected value in sys.prefix, expected /home/narayanan/Documents/Techgium_poc-main/poc Guardient/.venv, got /home/narayanan/Documents/Techgium_poc-main/new_work/hardware/../../poc Guardient/.venv
<frozen site>:107: RuntimeWarning: Unexpected value in sys.exec_prefix, expected /home/narayanan/Documents/Techgium_poc-main/poc Guardient/.venv, got /home/narayanan/Documents/Techgium_poc-main/new_work/hardware/../../poc Guardient/.venv
[HW-ML] Starting Hardware ML Monitor...
[HW-ML] Metrics collected. Buffer: 1/30. Anomaly Score: 0.0000
[HW-ML] Metrics collected. Buffer: 2/30. Anomaly Score: 0.0000
[HW-ML] Metrics collected. Buffer: 3/30. Anomaly Score: 0.0000
[HW-ML] Metrics collected. Buffer: 4/30. Anomaly Score: 0.0000
[HW-ML] Metrics collected. Buffer: 5/30. Anomaly Score: 0.0000
[HW-ML] Metrics collected. Buffer: 6/30. Anomaly Score: 0.0000
[HW-ML] Metrics collected. Buffer: 7/30. Anomaly Score: 0.0000
[HW-ML] Metrics collected. Buffer: 8/30. Anomaly Score: 0.0000
[HW-ML] Metrics collected. Buffer: 9/30. Anomaly Score: 0.0000
[HW-ML] Metrics collected. Buffer: 10/30. Anomaly Score: 0.0000
[HW-ML] Metrics collected. Buffer: 11/30. Anomaly Score: 0.0000
[HW-ML] Metrics collected. Buffer: 12/30. Anomaly Score: 0.0000
[HW-ML] Metrics collected. Buffer: 13/30. Anomaly Score: 0.0000
[HW-ML] Metrics collected. Buffer: 14/30. Anomaly Score: 0.0000
[HW-ML] Metrics collected. Buffer: 15/30. Anomaly Score: 0.0000
[HW-ML] Metrics collected. Buffer: 16/30. Anomaly Score: 0.0000
[HW-ML] Metrics collected. Buffer: 17/30. Anomaly Score: 0.0000
[HW-ML] Metrics collected. Buffer: 18/30. Anomaly Score: 0.0000
[HW-ML] Metrics collected. Buffer: 19/30. Anomaly Score: 0.0000
[HW-ML] Metrics collected. Buffer: 20/30. Anomaly Score: 0.0000
[HW-ML] Metrics collected. Buffer: 21/30. Anomaly Score: 0.0000
[HW-ML] Metrics collected. Buffer: 22/30. Anomaly Score: 0.0000
[HW-ML] Metrics collected. Buffer: 23/30. Anomaly Score: 0.0000
[HW-ML] Metrics collected. Buffer: 24/30. Anomaly Score: 0.0000
[HW-ML] Metrics collected. Buffer: 25/30. Anomaly Score: 0.0000
[HW-ML] Metrics collected. Buffer: 26/30. Anomaly Score: 0.0000
[HW-ML] Metrics collected. Buffer: 27/30. Anomaly Score: 0.0000
[HW-ML] Metrics collected. Buffer: 28/30. Anomaly Score: 0.0000
[HW-ML] Metrics collected. Buffer: 29/30. Anomaly Score: 0.0000
[HW-ML] Training Hardware LSTM model with 30 sequences...
[HW-ML] Training complete. Threshold: 1.0965
[HW-ML] Metrics collected. Buffer: 30/30. Anomaly Score: 0.0000
[HW-ML] Metrics collected. Buffer: 30/30. Anomaly Score: 0.6582
[HW-ML] Metrics collected. Buffer: 30/30. Anomaly Score: 0.7181
[HW-ML] Metrics collected. Buffer: 30/30. Anomaly Score: 0.7661
[HW-ML] Metrics collected. Buffer: 30/30. Anomaly Score: 0.8212
[HW-ML] Metrics collected. Buffer: 30/30. Anomaly Score: 0.8670
[HW-ML] Metrics collected. Buffer: 30/30. Anomaly Score: 0.9178
[HW-ML] Metrics collected. Buffer: 30/30. Anomaly Score: 0.9724
[HW-ML] Metrics collected. Buffer: 30/30. Anomaly Score: 0.9983
[HW-ML] Metrics collected. Buffer: 30/30. Anomaly Score: 1.0444
[HW-ML] Metrics collected. Buffer: 30/30. Anomaly Score: 1.0990
[HW-ML] Metrics collected. Buffer: 30/30. Anomaly Score: 1.1393
[HW-ML] Metrics collected. Buffer: 30/30. Anomaly Score: 1.1787
[HW-ML] Metrics collected. Buffer: 30/30. Anomaly Score: 1.2273
[HW-ML] Metrics collected. Buffer: 30/30. Anomaly Score: 1.2708
[HW-ML] Metrics collected. Buffer: 30/30. Anomaly Score: 1.3100
[HW-ML] Metrics collected. Buffer: 30/30. Anomaly Score: 1.4105
[HW-ML] Metrics collected. Buffer: 30/30. Anomaly Score: 1.4589
[HW-ML] Metrics collected. Buffer: 30/30. Anomaly Score: 1.5081
[HW-ML] Metrics collected. Buffer: 30/30. Anomaly Score: 1.5627
[HW-ML] Metrics collected. Buffer: 30/30. Anomaly Score: 1.5966
[HW-ML] Metrics collected. Buffer: 30/30. Anomaly Score: 1.6434
[HW-ML] Metrics collected. Buffer: 30/30. Anomaly Score: 1.6929
[HW-ML] Metrics collected. Buffer: 30/30. Anomaly Score: 1.7255
[HW-ML] Metrics collected. Buffer: 30/30. Anomaly Score: 1.7728
[HW-ML] Metrics collected. Buffer: 30/30. Anomaly Score: 1.8185
[HW-ML] Metrics collected. Buffer: 30/30. Anomaly Score: 1.8636
[HW-ML] Metrics collected. Buffer: 30/30. Anomaly Score: 1.9273
[HW-ML] Metrics collected. Buffer: 30/30. Anomaly Score: 1.8130
[HW-ML] Metrics collected. Buffer: 30/30. Anomaly Score: 1.7909
[HW-ML] Metrics collected. Buffer: 30/30. Anomaly Score: 1.8138
[HW-ML] Metrics collected. Buffer: 30/30. Anomaly Score: 1.8362
[HW-ML] Metrics collected. Buffer: 30/30. Anomaly Score: 1.8436
[HW-ML] Metrics collected. Buffer: 30/30. Anomaly Score: 1.8591
[HW-ML] Metrics collected. Buffer: 30/30. Anomaly Score: 1.8635
[HW-ML] Metrics collected. Buffer: 30/30. Anomaly Score: 1.8620
[HW-ML] Metrics collected. Buffer: 30/30. Anomaly Score: 1.8734
[HW-ML] Metrics collected. Buffer: 30/30. Anomaly Score: 1.8612
[HW-ML] Metrics collected. Buffer: 30/30. Anomaly Score: 1.8656
[HW-ML] Metrics collected. Buffer: 30/30. Anomaly Score: 1.8586
[HW-ML] Metrics collected. Buffer: 30/30. Anomaly Score: 1.8816
[HW-ML] Metrics collected. Buffer: 30/30. Anomaly Score: 1.8988
[HW-ML] Metrics collected. Buffer: 30/30. Anomaly Score: 1.9202
[HW-ML] Metrics collected. Buffer: 30/30. Anomaly Score: 1.9506
[HW-ML] Metrics collected. Buffer: 30/30. Anomaly Score: 1.9759
[HW-ML] Metrics collected. Buffer: 30/30. Anomaly Score: 1.9747
[HW-ML] Metrics collected. Buffer: 30/30. Anomaly Score: 1.9182
[HW-ML] Metrics collected. Buffer: 30/30. Anomaly Score: 1.8781
[HW-ML] Metrics collected. Buffer: 30/30. Anomaly Score: 1.8358
[HW-ML] Metrics collected. Buffer: 30/30. Anomaly Score: 1.7811
[HW-ML] Metrics collected. Buffer: 30/30. Anomaly Score: 1.7458
[HW-ML] Metrics collected. Buffer: 30/30. Anomaly Score: 1.7193
[HW-ML] Metrics collected. Buffer: 30/30. Anomaly Score: 1.7073
[HW-ML] Metrics collected. Buffer: 30/30. Anomaly Score: 1.6900
[HW-ML] Metrics collected. Buffer: 30/30. Anomaly Score: 1.6686
[HW-ML] Metrics collected. Buffer: 30/30. Anomaly Score: 1.6463
[HW-ML] Metrics collected. Buffer: 30/30. Anomaly Score: 1.6245
[HW-ML] Metrics collected. Buffer: 30/30. Anomaly Score: 1.6174
[HW-ML] Metrics collected. Buffer: 30/30. Anomaly Score: 1.6176
[HW-ML] Metrics collected. Buffer: 30/30. Anomaly Score: 1.5894
[HW-ML] Metrics collected. Buffer: 30/30. Anomaly Score: 1.8053
[HW-ML] Metrics collected. Buffer: 30/30. Anomaly Score: 1.9548
[HW-ML] Metrics collected. Buffer: 30/30. Anomaly Score: 2.0576
[HW-ML] Metrics collected. Buffer: 30/30. Anomaly Score: 2.1700
[HW-ML] Metrics collected. Buffer: 30/30. Anomaly Score: 2.2931
[HW-ML] Metrics collected. Buffer: 30/30. Anomaly Score: 2.4571
[HW-ML] Metrics collected. Buffer: 30/30. Anomaly Score: 2.5493
[HW-ML] Metrics collected. Buffer: 30/30. Anomaly Score: 2.6634
[HW-ML] Metrics collected. Buffer: 30/30. Anomaly Score: 2.7791
[HW-ML] Metrics collected. Buffer: 30/30. Anomaly Score: 2.8988
[HW-ML] Metrics collected. Buffer: 30/30. Anomaly Score: 3.0040
[HW-ML] Metrics collected. Buffer: 30/30. Anomaly Score: 3.1198
[HW-ML] Metrics collected. Buffer: 30/30. Anomaly Score: 3.2190
[HW-ML] Metrics collected. Buffer: 30/30. Anomaly Score: 3.3282
[HW-ML] Metrics collected. Buffer: 30/30. Anomaly Score: 3.4293
[HW-ML] Metrics collected. Buffer: 30/30. Anomaly Score: 3.5492
[HW-ML] Metrics collected. Buffer: 30/30. Anomaly Score: 3.7233
[HW-ML] Metrics collected. Buffer: 30/30. Anomaly Score: 3.8952
[HW-ML] Metrics collected. Buffer: 30/30. Anomaly Score: 4.0529
[HW-ML] Metrics collected. Buffer: 30/30. Anomaly Score: 4.2408
[HW-ML] Metrics collected. Buffer: 30/30. Anomaly Score: 4.3960
[HW-ML] Metrics collected. Buffer: 30/30. Anomaly Score: 4.5374
[HW-ML] Metrics collected. Buffer: 30/30. Anomaly Score: 4.7092
[HW-ML] Metrics collected. Buffer: 30/30. Anomaly Score: 4.8921
[HW-ML] Metrics collected. Buffer: 30/30. Anomaly Score: 5.0332
[HW-ML] Metrics collected. Buffer: 30/30. Anomaly Score: 5.1894
[HW-ML] Metrics collected. Buffer: 30/30. Anomaly Score: 5.3362
[HW-ML] Metrics collected. Buffer: 30/30. Anomaly Score: 5.4945
[HW-ML] Metrics collected. Buffer: 30/30. Anomaly Score: 5.6391
[HW-ML] Metrics collected. Buffer: 30/30. Anomaly Score: 5.7976
[HW-ML] Metrics collected. Buffer: 30/30. Anomaly Score: 5.7545
[HW-ML] Metrics collected. Buffer: 30/30. Anomaly Score: 5.7752
[HW-ML] Metrics collected. Buffer: 30/30. Anomaly Score: 5.8316
[HW-ML] Metrics collected. Buffer: 30/30. Anomaly Score: 6.2633
[HW-ML] Metrics collected. Buffer: 30/30. Anomaly Score: 6.5487
[HW-ML] Metrics collected. Buffer: 30/30. Anomaly Score: 6.7972
[HW-ML] Metrics collected. Buffer: 30/30. Anomaly Score: 7.0563
[HW-ML] Metrics collected. Buffer: 30/30. Anomaly Score: 7.3074
[HW-ML] Metrics collected. Buffer: 30/30. Anomaly Score: 7.5564
[HW-ML] Metrics collected. Buffer: 30/30. Anomaly Score: 7.8079
[HW-ML] Metrics collected. Buffer: 30/30. Anomaly Score: 8.0571
[HW-ML] Metrics collected. Buffer: 30/30. Anomaly Score: 8.3050
[HW-ML] Metrics collected. Buffer: 30/30. Anomaly Score: 8.5498
[HW-ML] Metrics collected. Buffer: 30/30. Anomaly Score: 8.8284
[HW-ML] Metrics collected. Buffer: 30/30. Anomaly Score: 9.0940
[HW-ML] Metrics collected. Buffer: 30/30. Anomaly Score: 10.7790
[HW-ML] Metrics collected. Buffer: 30/30. Anomaly Score: 10.6890
[HW-ML] Metrics collected. Buffer: 30/30. Anomaly Score: 10.4213
